<?xml version="1.0" encoding="UTF-8"?>
<!-- Generated by org.testng.reporters.JUnitXMLReporter -->
<testsuite hostname="DESKTOP-L4ADD4E" ignored="0" name="LoginTest" tests="3" failures="1" timestamp="2021-08-28T17:01:05 IST" time="11.897" errors="0">
  <testcase name="login" time="1.232" classname="com.inetBanking.testCases.LoginTestCase001"/>
  <testcase name="login" time="1.992" classname="com.inetBanking.testCases.LoginTestCase002">
    <failure type="java.lang.AssertionError" message="expected [true] but found [false]">
      <![CDATA[java.lang.AssertionError: expected [true] but found [false]
at com.inetBanking.testCases.LoginTestCase002.login(LoginTestCase002.java:40)
at java.util.ArrayList.forEach(ArrayList.java:1259)
... Removed 34 stack frames]]>
    </failure>
  </testcase> <!-- login -->
  <testcase name="loginDDT" time="0.0" classname="com.inetBanking.testCases.LoginTestCase002"/>
</testsuite> <!-- LoginTest -->
